Arguments: 
  /home/liberi/.nvm/versions/node/v14.17.3/bin/node /usr/share/yarn/bin/yarn.js publish

PATH: 
  /home/liberi/bin:/home/liberi/.vscode-server/bin/c3f126316369cd610563c75b1b1725e0679adfb3/bin:/home/liberi/bin:/home/liberi/.cargo/bin:/home/liberi/bin:/home/liberi/.nvm/versions/node/v14.17.3/bin:/usr/local/sbin:/usr/local/bin:/usr/sbin:/usr/bin:/sbin:/bin:/usr/games:/usr/local/games:/usr/lib/wsl/lib:/mnt/c/Program Files/Common Files/Oracle/Java/javapath:/mnt/c/Program Files (x86)/Common Files/Oracle/Java/javapath:/mnt/c/windows/system32:/mnt/c/windows:/mnt/c/windows/System32/Wbem:/mnt/c/windows/System32/WindowsPowerShell/v1.0/:/mnt/c/windows/System32/OpenSSH/:/mnt/c/src/flutter/bin:/mnt/c/Program Files/PuTTY/:/mnt/c/Program Files/Git/cmd:/mnt/c/Program Files/Docker/Docker/resources/bin:/mnt/c/ProgramData/DockerDesktop/version-bin:/mnt/c/Program Files (x86)/AOMEI/AOMEI Backupper/6.5.1:/mnt/c/Users/ntwar/AppData/Local/hyper/app-3.0.2/resources/bin:/mnt/c/Users/ntwar/AppData/Local/Microsoft/WindowsApps:/mnt/c/Program Files/JetBrains/CLion 2021.1/bin:/mnt/c/Program Files/JetBrains/IntelliJ IDEA 2021.1/bin:/mnt/c/Users/ntwar/AppData/Local/Programs/Microsoft VS Code/bin:/mnt/c/Users/ntwar/AppData/Local/GitHubDesktop/bin:/mnt/c/Program Files (x86)/GitHub CLI/:/mnt/c/Program Files/JetBrains/PyCharm 2021.1.2/bin:/mnt/c/Program Files/JetBrains/WebStorm 2021.1.2/bin:/snap/bin

Yarn version: 
  1.22.5

Node version: 
  14.17.3

Platform: 
  linux x64

Trace: 
  Error: canceled
      at Interface.<anonymous> (/usr/share/yarn/lib/cli.js:137009:13)
      at Interface.emit (events.js:375:28)
      at Interface._ttyWrite (readline.js:910:16)
      at ReadStream.onkeypress (readline.js:235:10)
      at ReadStream.emit (events.js:375:28)
      at emitKeys (internal/readline/utils.js:358:14)
      at emitKeys.next (<anonymous>)
      at ReadStream.onData (readline.js:1179:36)
      at ReadStream.emit (events.js:375:28)
      at addChunk (internal/streams/readable.js:290:12)

npm manifest: 
  {
    "name": "stunicons",
    "version": "1.0.20",
    "description": "Stunning icons for your next web project",
    "keywords": [
      "stunnity", "stunicon", "stun", "icons", "web-icon" , "icon pack", "icon font", "icon library"
    ],
    "files": [
      "fonts/",
      "icons/",
      "License",
      "package.json",
      "README.md"
    ],
    "style": "/fonts/style.min.css",
    "author": "Ntwari Clarance Liberiste",
    "license": "MIT",
   "repository": {
      "type": "git",
      "url": "https://github.com/stunnity/stunicons.git"
    },
    "bugs": "https://github.com/stunnity/stunicons/issues",
    "contributors": ["Ntwari Clarance Liberiste <liberintwari@gmail.com>"]
  }

yarn manifest: 
  No manifest

Lockfile: 
  No lockfile
